SuccessConsole Output

Started by user anonymous
Building in workspace /var/lib/jenkins/jobs/Akkis/workspace
 > git rev-parse --is-inside-work-tree # timeout=10
Fetching changes from the remote Git repository
 > git config remote.origin.url https://github.com/muurahaisetagileo/akkis.git # timeout=10
Fetching upstream changes from https://github.com/muurahaisetagileo/akkis.git
 > git --version # timeout=10
using .gitcredentials to set credentials
 > git config --local credential.username jmseppala # timeout=10
 > git config --local credential.helper store --file=/tmp/git6671930392315834134.credentials # timeout=10
 > git -c core.askpass=true fetch --tags --progress https://github.com/muurahaisetagileo/akkis.git +refs/heads/*:refs/remotes/origin/*
 > git config --local --remove-section credential # timeout=10
 > git rev-parse refs/remotes/origin/master^{commit} # timeout=10
 > git rev-parse refs/remotes/origin/origin/master^{commit} # timeout=10
Checking out Revision 9921d9368b9e4fdc5e79353a37f7b950f3b54a37 (refs/remotes/origin/master)
 > git config core.sparsecheckout # timeout=10
 > git checkout -f 9921d9368b9e4fdc5e79353a37f7b950f3b54a37
 > git rev-list 7c1ae2d955046f8ee8def0b59583d8a5206132b5 # timeout=10
Parsing POMs
Modules changed, recalculating dependency graph
[workspace] $ /usr/lib/jvm/java-8-oracle/bin/java -cp /var/lib/jenkins/plugins/maven-plugin/WEB-INF/lib/maven31-agent-1.5.jar:/var/lib/jenkins/tools/hudson.tasks.Maven_MavenInstallation/Maven_3/boot/plexus-classworlds-2.5.2.jar:/var/lib/jenkins/tools/hudson.tasks.Maven_MavenInstallation/Maven_3/conf/logging jenkins.maven3.agent.Maven31Main /var/lib/jenkins/tools/hudson.tasks.Maven_MavenInstallation/Maven_3 /var/cache/jenkins/war/WEB-INF/lib/remoting-2.52.jar /var/lib/jenkins/plugins/maven-plugin/WEB-INF/lib/maven31-interceptor-1.5.jar /var/lib/jenkins/plugins/maven-plugin/WEB-INF/lib/maven3-interceptor-commons-1.5.jar 48601
<===[JENKINS REMOTING CAPACITY]===>channel started
Executing Maven:  -B -f /var/lib/jenkins/jobs/Akkis/workspace/pom.xml install
[INFO] Scanning for projects...
[INFO]                                                                         
[INFO] ------------------------------------------------------------------------
[INFO] Building Akkis muurahaiset 0.0.1-SNAPSHOT
[INFO] ------------------------------------------------------------------------
[INFO] Downloading: https://repo.maven.apache.org/maven2/org/apache/maven/plugins/maven-compiler-plugin/2.5.1/maven-compiler-plugin-2.5.1.pom
[INFO] Downloaded: https://repo.maven.apache.org/maven2/org/apache/maven/plugins/maven-compiler-plugin/2.5.1/maven-compiler-plugin-2.5.1.pom (8 KB at 1.3 KB/sec)
[INFO] Downloading: https://repo.maven.apache.org/maven2/org/apache/maven/plugins/maven-compiler-plugin/2.5.1/maven-compiler-plugin-2.5.1.jar
[INFO] Downloaded: https://repo.maven.apache.org/maven2/org/apache/maven/plugins/maven-compiler-plugin/2.5.1/maven-compiler-plugin-2.5.1.jar (32 KB at 214.5 KB/sec)
[INFO] Downloading: http://repository.primefaces.org/org/primefaces/primefaces/5.3/primefaces-5.3.pom
[INFO] Downloading: https://repo.maven.apache.org/maven2/org/primefaces/primefaces/5.3/primefaces-5.3.pom
[INFO] Downloaded: https://repo.maven.apache.org/maven2/org/primefaces/primefaces/5.3/primefaces-5.3.pom (52 KB at 363.9 KB/sec)
[INFO] Downloading: http://repository.primefaces.org/mysql/mysql-connector-java/5.1.37/mysql-connector-java-5.1.37.pom
[INFO] Downloading: https://repo.maven.apache.org/maven2/mysql/mysql-connector-java/5.1.37/mysql-connector-java-5.1.37.pom
[INFO] Downloaded: https://repo.maven.apache.org/maven2/mysql/mysql-connector-java/5.1.37/mysql-connector-java-5.1.37.pom (2 KB at 10.8 KB/sec)
[INFO] Downloading: http://repository.primefaces.org/org/springframework/spring-orm/4.1.7.RELEASE/spring-orm-4.1.7.RELEASE.pom
[INFO] Downloading: https://repo.maven.apache.org/maven2/org/springframework/spring-orm/4.1.7.RELEASE/spring-orm-4.1.7.RELEASE.pom
[INFO] Downloaded: https://repo.maven.apache.org/maven2/org/springframework/spring-orm/4.1.7.RELEASE/spring-orm-4.1.7.RELEASE.pom (7 KB at 68.5 KB/sec)
[INFO] Downloading: http://repository.primefaces.org/org/springframework/spring-beans/4.1.7.RELEASE/spring-beans-4.1.7.RELEASE.pom
[INFO] Downloading: https://repo.maven.apache.org/maven2/org/springframework/spring-beans/4.1.7.RELEASE/spring-beans-4.1.7.RELEASE.pom
[INFO] Downloaded: https://repo.maven.apache.org/maven2/org/springframework/spring-beans/4.1.7.RELEASE/spring-beans-4.1.7.RELEASE.pom (3 KB at 24.7 KB/sec)
[INFO] Downloading: http://repository.primefaces.org/org/springframework/spring-core/4.1.7.RELEASE/spring-core-4.1.7.RELEASE.pom
[INFO] Downloading: https://repo.maven.apache.org/maven2/org/springframework/spring-core/4.1.7.RELEASE/spring-core-4.1.7.RELEASE.pom
[INFO] Downloaded: https://repo.maven.apache.org/maven2/org/springframework/spring-core/4.1.7.RELEASE/spring-core-4.1.7.RELEASE.pom (3 KB at 24.8 KB/sec)
[INFO] Downloading: http://repository.primefaces.org/commons-logging/commons-logging/1.2/commons-logging-1.2.pom
[INFO] Downloading: https://repo.maven.apache.org/maven2/commons-logging/commons-logging/1.2/commons-logging-1.2.pom
[INFO] Downloaded: https://repo.maven.apache.org/maven2/commons-logging/commons-logging/1.2/commons-logging-1.2.pom (19 KB at 176.9 KB/sec)
[INFO] Downloading: http://repository.primefaces.org/org/apache/commons/commons-parent/34/commons-parent-34.pom
[INFO] Downloading: https://repo.maven.apache.org/maven2/org/apache/commons/commons-parent/34/commons-parent-34.pom
[INFO] Downloaded: https://repo.maven.apache.org/maven2/org/apache/commons/commons-parent/34/commons-parent-34.pom (55 KB at 374.2 KB/sec)
[INFO] Downloading: http://repository.primefaces.org/org/springframework/spring-jdbc/4.1.7.RELEASE/spring-jdbc-4.1.7.RELEASE.pom
[INFO] Downloading: https://repo.maven.apache.org/maven2/org/springframework/spring-jdbc/4.1.7.RELEASE/spring-jdbc-4.1.7.RELEASE.pom
[INFO] Downloaded: https://repo.maven.apache.org/maven2/org/springframework/spring-jdbc/4.1.7.RELEASE/spring-jdbc-4.1.7.RELEASE.pom (4 KB at 34.9 KB/sec)
[INFO] Downloading: http://repository.primefaces.org/org/springframework/spring-tx/4.1.7.RELEASE/spring-tx-4.1.7.RELEASE.pom
[INFO] Downloading: https://repo.maven.apache.org/maven2/org/springframework/spring-tx/4.1.7.RELEASE/spring-tx-4.1.7.RELEASE.pom
[INFO] Downloaded: https://repo.maven.apache.org/maven2/org/springframework/spring-tx/4.1.7.RELEASE/spring-tx-4.1.7.RELEASE.pom (4 KB at 33.6 KB/sec)
[INFO] Downloading: http://repository.primefaces.org/org/springframework/spring-webmvc/4.1.7.RELEASE/spring-webmvc-4.1.7.RELEASE.pom
[INFO] Downloading: https://repo.maven.apache.org/maven2/org/springframework/spring-webmvc/4.1.7.RELEASE/spring-webmvc-4.1.7.RELEASE.pom
[INFO] Downloaded: https://repo.maven.apache.org/maven2/org/springframework/spring-webmvc/4.1.7.RELEASE/spring-webmvc-4.1.7.RELEASE.pom (12 KB at 116.9 KB/sec)
[INFO] Downloading: http://repository.primefaces.org/org/springframework/spring-context/4.1.7.RELEASE/spring-context-4.1.7.RELEASE.pom
[INFO] Downloading: https://repo.maven.apache.org/maven2/org/springframework/spring-context/4.1.7.RELEASE/spring-context-4.1.7.RELEASE.pom
[INFO] Downloaded: https://repo.maven.apache.org/maven2/org/springframework/spring-context/4.1.7.RELEASE/spring-context-4.1.7.RELEASE.pom (5 KB at 51.8 KB/sec)
[INFO] Downloading: http://repository.primefaces.org/org/springframework/spring-aop/4.1.7.RELEASE/spring-aop-4.1.7.RELEASE.pom
[INFO] Downloading: https://repo.maven.apache.org/maven2/org/springframework/spring-aop/4.1.7.RELEASE/spring-aop-4.1.7.RELEASE.pom
[INFO] Downloaded: https://repo.maven.apache.org/maven2/org/springframework/spring-aop/4.1.7.RELEASE/spring-aop-4.1.7.RELEASE.pom (3 KB at 26.2 KB/sec)
[INFO] Downloading: http://repository.primefaces.org/org/springframework/spring-expression/4.1.7.RELEASE/spring-expression-4.1.7.RELEASE.pom
[INFO] Downloading: https://repo.maven.apache.org/maven2/org/springframework/spring-expression/4.1.7.RELEASE/spring-expression-4.1.7.RELEASE.pom
[INFO] Downloaded: https://repo.maven.apache.org/maven2/org/springframework/spring-expression/4.1.7.RELEASE/spring-expression-4.1.7.RELEASE.pom (2 KB at 17.7 KB/sec)
[INFO] Downloading: http://repository.primefaces.org/org/springframework/spring-web/4.1.7.RELEASE/spring-web-4.1.7.RELEASE.pom
[INFO] Downloading: https://repo.maven.apache.org/maven2/org/springframework/spring-web/4.1.7.RELEASE/spring-web-4.1.7.RELEASE.pom
[INFO] Downloaded: https://repo.maven.apache.org/maven2/org/springframework/spring-web/4.1.7.RELEASE/spring-web-4.1.7.RELEASE.pom (8 KB at 66.3 KB/sec)
[INFO] Downloading: http://repository.primefaces.org/org/eclipse/persistence/eclipselink/2.6.1/eclipselink-2.6.1.pom
[INFO] Downloading: https://repo.maven.apache.org/maven2/org/eclipse/persistence/eclipselink/2.6.1/eclipselink-2.6.1.pom
[INFO] Downloaded: https://repo.maven.apache.org/maven2/org/eclipse/persistence/eclipselink/2.6.1/eclipselink-2.6.1.pom (4 KB at 32.5 KB/sec)
[INFO] Downloading: http://repository.primefaces.org/org/eclipse/persistence/javax.persistence/2.1.0/javax.persistence-2.1.0.pom
[INFO] Downloading: https://repo.maven.apache.org/maven2/org/eclipse/persistence/javax.persistence/2.1.0/javax.persistence-2.1.0.pom
[INFO] Downloaded: https://repo.maven.apache.org/maven2/org/eclipse/persistence/javax.persistence/2.1.0/javax.persistence-2.1.0.pom (3 KB at 25.3 KB/sec)
[INFO] Downloading: http://repository.primefaces.org/javax/validation/validation-api/1.1.0.Final/validation-api-1.1.0.Final.pom
[INFO] Downloading: https://repo.maven.apache.org/maven2/javax/validation/validation-api/1.1.0.Final/validation-api-1.1.0.Final.pom
[INFO] Downloaded: https://repo.maven.apache.org/maven2/javax/validation/validation-api/1.1.0.Final/validation-api-1.1.0.Final.pom (8 KB at 76.0 KB/sec)
[INFO] Downloading: http://repository.primefaces.org/org/glassfish/javax.json/1.0.4/javax.json-1.0.4.pom
[INFO] Downloading: https://repo.maven.apache.org/maven2/org/glassfish/javax.json/1.0.4/javax.json-1.0.4.pom
[INFO] Downloaded: https://repo.maven.apache.org/maven2/org/glassfish/javax.json/1.0.4/javax.json-1.0.4.pom (10 KB at 94.9 KB/sec)
[INFO] Downloading: http://repository.primefaces.org/org/glassfish/json/1.0.4/json-1.0.4.pom
[INFO] Downloading: https://repo.maven.apache.org/maven2/org/glassfish/json/1.0.4/json-1.0.4.pom
[INFO] Downloaded: https://repo.maven.apache.org/maven2/org/glassfish/json/1.0.4/json-1.0.4.pom (11 KB at 115.0 KB/sec)
[INFO] Downloading: http://repository.primefaces.org/net/java/jvnet-parent/3/jvnet-parent-3.pom
[INFO] Downloading: https://repo.maven.apache.org/maven2/net/java/jvnet-parent/3/jvnet-parent-3.pom
[INFO] Downloaded: https://repo.maven.apache.org/maven2/net/java/jvnet-parent/3/jvnet-parent-3.pom (5 KB at 49.2 KB/sec)
[INFO] Downloading: http://repository.primefaces.org/javax/inject/javax.inject/1/javax.inject-1.pom
[INFO] Downloading: https://repo.maven.apache.org/maven2/javax/inject/javax.inject/1/javax.inject-1.pom
[INFO] Downloaded: https://repo.maven.apache.org/maven2/javax/inject/javax.inject/1/javax.inject-1.pom (612 B at 6.3 KB/sec)
[INFO] Downloading: http://repository.primefaces.org/cglib/cglib/3.2.0/cglib-3.2.0.pom
[INFO] Downloading: https://repo.maven.apache.org/maven2/cglib/cglib/3.2.0/cglib-3.2.0.pom
[INFO] Downloaded: https://repo.maven.apache.org/maven2/cglib/cglib/3.2.0/cglib-3.2.0.pom (3 KB at 28.4 KB/sec)
[INFO] Downloading: http://repository.primefaces.org/cglib/cglib-parent/3.2.0/cglib-parent-3.2.0.pom
[INFO] Downloading: https://repo.maven.apache.org/maven2/cglib/cglib-parent/3.2.0/cglib-parent-3.2.0.pom
[INFO] Downloaded: https://repo.maven.apache.org/maven2/cglib/cglib-parent/3.2.0/cglib-parent-3.2.0.pom (9 KB at 86.6 KB/sec)
[INFO] Downloading: http://repository.primefaces.org/org/ow2/asm/asm/5.0.3/asm-5.0.3.pom
[INFO] Downloading: https://repo.maven.apache.org/maven2/org/ow2/asm/asm/5.0.3/asm-5.0.3.pom
[INFO] Downloaded: https://repo.maven.apache.org/maven2/org/ow2/asm/asm/5.0.3/asm-5.0.3.pom (2 KB at 20.8 KB/sec)
[INFO] Downloading: http://repository.primefaces.org/org/ow2/asm/asm-parent/5.0.3/asm-parent-5.0.3.pom
[INFO] Downloading: https://repo.maven.apache.org/maven2/org/ow2/asm/asm-parent/5.0.3/asm-parent-5.0.3.pom
[INFO] Downloaded: https://repo.maven.apache.org/maven2/org/ow2/asm/asm-parent/5.0.3/asm-parent-5.0.3.pom (6 KB at 55.9 KB/sec)
[INFO] Downloading: http://repository.primefaces.org/org/ow2/ow2/1.3/ow2-1.3.pom
[INFO] Downloading: https://repo.maven.apache.org/maven2/org/ow2/ow2/1.3/ow2-1.3.pom
[INFO] Downloaded: https://repo.maven.apache.org/maven2/org/ow2/ow2/1.3/ow2-1.3.pom (10 KB at 91.9 KB/sec)
[INFO] Downloading: http://repository.primefaces.org/org/apache/ant/ant/1.9.4/ant-1.9.4.pom
[INFO] Downloading: https://repo.maven.apache.org/maven2/org/apache/ant/ant/1.9.4/ant-1.9.4.pom
[INFO] Downloaded: https://repo.maven.apache.org/maven2/org/apache/ant/ant/1.9.4/ant-1.9.4.pom (10 KB at 97.9 KB/sec)
[INFO] Downloading: http://repository.primefaces.org/org/apache/ant/ant-parent/1.9.4/ant-parent-1.9.4.pom
[INFO] Downloading: https://repo.maven.apache.org/maven2/org/apache/ant/ant-parent/1.9.4/ant-parent-1.9.4.pom
[INFO] Downloaded: https://repo.maven.apache.org/maven2/org/apache/ant/ant-parent/1.9.4/ant-parent-1.9.4.pom (6 KB at 57.0 KB/sec)
[INFO] Downloading: http://repository.primefaces.org/org/apache/ant/ant-launcher/1.9.4/ant-launcher-1.9.4.pom
[INFO] Downloading: https://repo.maven.apache.org/maven2/org/apache/ant/ant-launcher/1.9.4/ant-launcher-1.9.4.pom
[INFO] Downloaded: https://repo.maven.apache.org/maven2/org/apache/ant/ant-launcher/1.9.4/ant-launcher-1.9.4.pom (3 KB at 23.0 KB/sec)
[INFO] Downloading: http://repository.primefaces.org/org/primefaces/primefaces/5.3/primefaces-5.3.jar
[INFO] Downloading: http://repository.primefaces.org/org/springframework/spring-orm/4.1.7.RELEASE/spring-orm-4.1.7.RELEASE.jar
[INFO] Downloading: http://repository.primefaces.org/org/springframework/spring-beans/4.1.7.RELEASE/spring-beans-4.1.7.RELEASE.jar
[INFO] Downloading: http://repository.primefaces.org/org/springframework/spring-core/4.1.7.RELEASE/spring-core-4.1.7.RELEASE.jar
[INFO] Downloading: http://repository.primefaces.org/mysql/mysql-connector-java/5.1.37/mysql-connector-java-5.1.37.jar
[INFO] Downloading: http://repository.primefaces.org/commons-logging/commons-logging/1.2/commons-logging-1.2.jar
[INFO] Downloading: http://repository.primefaces.org/org/springframework/spring-jdbc/4.1.7.RELEASE/spring-jdbc-4.1.7.RELEASE.jar
[INFO] Downloading: http://repository.primefaces.org/org/springframework/spring-tx/4.1.7.RELEASE/spring-tx-4.1.7.RELEASE.jar
[INFO] Downloading: http://repository.primefaces.org/org/springframework/spring-webmvc/4.1.7.RELEASE/spring-webmvc-4.1.7.RELEASE.jar
[INFO] Downloading: http://repository.primefaces.org/org/springframework/spring-context/4.1.7.RELEASE/spring-context-4.1.7.RELEASE.jar
[INFO] Downloading: http://repository.primefaces.org/org/springframework/spring-aop/4.1.7.RELEASE/spring-aop-4.1.7.RELEASE.jar
[INFO] Downloading: http://repository.primefaces.org/org/springframework/spring-expression/4.1.7.RELEASE/spring-expression-4.1.7.RELEASE.jar
[INFO] Downloading: http://repository.primefaces.org/org/springframework/spring-web/4.1.7.RELEASE/spring-web-4.1.7.RELEASE.jar
[INFO] Downloading: http://repository.primefaces.org/org/eclipse/persistence/eclipselink/2.6.1/eclipselink-2.6.1.jar
[INFO] Downloading: http://repository.primefaces.org/org/eclipse/persistence/javax.persistence/2.1.0/javax.persistence-2.1.0.jar
[INFO] Downloading: http://repository.primefaces.org/javax/validation/validation-api/1.1.0.Final/validation-api-1.1.0.Final.jar
[INFO] Downloading: http://repository.primefaces.org/org/glassfish/javax.json/1.0.4/javax.json-1.0.4.jar
[INFO] Downloading: http://repository.primefaces.org/javax/inject/javax.inject/1/javax.inject-1.jar
[INFO] Downloading: http://repository.primefaces.org/cglib/cglib/3.2.0/cglib-3.2.0.jar
[INFO] Downloading: http://repository.primefaces.org/org/ow2/asm/asm/5.0.3/asm-5.0.3.jar
[INFO] Downloading: http://repository.primefaces.org/org/apache/ant/ant/1.9.4/ant-1.9.4.jar
[INFO] Downloading: http://repository.primefaces.org/org/apache/ant/ant-launcher/1.9.4/ant-launcher-1.9.4.jar
[INFO] Downloading: https://repo.maven.apache.org/maven2/org/primefaces/primefaces/5.3/primefaces-5.3.jar
[INFO] Downloading: https://repo.maven.apache.org/maven2/mysql/mysql-connector-java/5.1.37/mysql-connector-java-5.1.37.jar
[INFO] Downloading: https://repo.maven.apache.org/maven2/org/springframework/spring-orm/4.1.7.RELEASE/spring-orm-4.1.7.RELEASE.jar
[INFO] Downloading: https://repo.maven.apache.org/maven2/org/springframework/spring-beans/4.1.7.RELEASE/spring-beans-4.1.7.RELEASE.jar
[INFO] Downloading: https://repo.maven.apache.org/maven2/org/springframework/spring-core/4.1.7.RELEASE/spring-core-4.1.7.RELEASE.jar
[INFO] Downloaded: https://repo.maven.apache.org/maven2/org/springframework/spring-orm/4.1.7.RELEASE/spring-orm-4.1.7.RELEASE.jar (368 KB at 1413.2 KB/sec)
[INFO] Downloading: https://repo.maven.apache.org/maven2/commons-logging/commons-logging/1.2/commons-logging-1.2.jar
[INFO] Downloaded: https://repo.maven.apache.org/maven2/commons-logging/commons-logging/1.2/commons-logging-1.2.jar (61 KB at 158.9 KB/sec)
[INFO] Downloading: https://repo.maven.apache.org/maven2/org/springframework/spring-jdbc/4.1.7.RELEASE/spring-jdbc-4.1.7.RELEASE.jar
[INFO] Downloaded: https://repo.maven.apache.org/maven2/mysql/mysql-connector-java/5.1.37/mysql-connector-java-5.1.37.jar (963 KB at 1302.4 KB/sec)
[INFO] Downloading: https://repo.maven.apache.org/maven2/org/springframework/spring-tx/4.1.7.RELEASE/spring-tx-4.1.7.RELEASE.jar
[INFO] Downloaded: https://repo.maven.apache.org/maven2/org/springframework/spring-jdbc/4.1.7.RELEASE/spring-jdbc-4.1.7.RELEASE.jar (417 KB at 506.3 KB/sec)
[INFO] Downloading: https://repo.maven.apache.org/maven2/org/springframework/spring-webmvc/4.1.7.RELEASE/spring-webmvc-4.1.7.RELEASE.jar
[INFO] Downloaded: https://repo.maven.apache.org/maven2/org/springframework/spring-tx/4.1.7.RELEASE/spring-tx-4.1.7.RELEASE.jar (248 KB at 286.9 KB/sec)
[INFO] Downloading: https://repo.maven.apache.org/maven2/org/springframework/spring-context/4.1.7.RELEASE/spring-context-4.1.7.RELEASE.jar
[INFO] Downloaded: https://repo.maven.apache.org/maven2/org/primefaces/primefaces/5.3/primefaces-5.3.jar (3343 KB at 3657.2 KB/sec)
[INFO] Downloading: https://repo.maven.apache.org/maven2/org/springframework/spring-aop/4.1.7.RELEASE/spring-aop-4.1.7.RELEASE.jar
[INFO] Downloaded: https://repo.maven.apache.org/maven2/org/springframework/spring-beans/4.1.7.RELEASE/spring-beans-4.1.7.RELEASE.jar (696 KB at 729.2 KB/sec)
[INFO] Downloading: https://repo.maven.apache.org/maven2/org/springframework/spring-expression/4.1.7.RELEASE/spring-expression-4.1.7.RELEASE.jar
[INFO] Downloaded: https://repo.maven.apache.org/maven2/org/springframework/spring-core/4.1.7.RELEASE/spring-core-4.1.7.RELEASE.jar (985 KB at 962.8 KB/sec)
[INFO] Downloading: https://repo.maven.apache.org/maven2/org/springframework/spring-web/4.1.7.RELEASE/spring-web-4.1.7.RELEASE.jar
[INFO] Downloaded: https://repo.maven.apache.org/maven2/org/springframework/spring-aop/4.1.7.RELEASE/spring-aop-4.1.7.RELEASE.jar (352 KB at 323.8 KB/sec)
[INFO] Downloading: https://repo.maven.apache.org/maven2/org/eclipse/persistence/eclipselink/2.6.1/eclipselink-2.6.1.jar
[INFO] Downloaded: https://repo.maven.apache.org/maven2/org/springframework/spring-context/4.1.7.RELEASE/spring-context-4.1.7.RELEASE.jar (1003 KB at 894.4 KB/sec)
[INFO] Downloading: https://repo.maven.apache.org/maven2/org/eclipse/persistence/javax.persistence/2.1.0/javax.persistence-2.1.0.jar
[INFO] Downloaded: https://repo.maven.apache.org/maven2/org/springframework/spring-webmvc/4.1.7.RELEASE/spring-webmvc-4.1.7.RELEASE.jar (765 KB at 616.9 KB/sec)
[INFO] Downloading: https://repo.maven.apache.org/maven2/javax/validation/validation-api/1.1.0.Final/validation-api-1.1.0.Final.jar
[INFO] Downloaded: https://repo.maven.apache.org/maven2/org/eclipse/persistence/javax.persistence/2.1.0/javax.persistence-2.1.0.jar (159 KB at 125.8 KB/sec)
[INFO] Downloading: https://repo.maven.apache.org/maven2/org/glassfish/javax.json/1.0.4/javax.json-1.0.4.jar
[INFO] Downloaded: https://repo.maven.apache.org/maven2/javax/validation/validation-api/1.1.0.Final/validation-api-1.1.0.Final.jar (63 KB at 46.4 KB/sec)
[INFO] Downloading: https://repo.maven.apache.org/maven2/javax/inject/javax.inject/1/javax.inject-1.jar
[INFO] Downloaded: https://repo.maven.apache.org/maven2/org/springframework/spring-web/4.1.7.RELEASE/spring-web-4.1.7.RELEASE.jar (706 KB at 524.0 KB/sec)
[INFO] Downloading: https://repo.maven.apache.org/maven2/cglib/cglib/3.2.0/cglib-3.2.0.jar
[INFO] Downloaded: https://repo.maven.apache.org/maven2/org/glassfish/javax.json/1.0.4/javax.json-1.0.4.jar (84 KB at 60.7 KB/sec)
[INFO] Downloading: https://repo.maven.apache.org/maven2/org/ow2/asm/asm/5.0.3/asm-5.0.3.jar
[INFO] Downloaded: https://repo.maven.apache.org/maven2/javax/inject/javax.inject/1/javax.inject-1.jar (3 KB at 1.7 KB/sec)
[INFO] Downloading: https://repo.maven.apache.org/maven2/org/apache/ant/ant/1.9.4/ant-1.9.4.jar
[INFO] Downloaded: https://repo.maven.apache.org/maven2/org/ow2/asm/asm/5.0.3/asm-5.0.3.jar (52 KB at 35.0 KB/sec)
[INFO] Downloading: https://repo.maven.apache.org/maven2/org/apache/ant/ant-launcher/1.9.4/ant-launcher-1.9.4.jar
[INFO] Downloaded: https://repo.maven.apache.org/maven2/cglib/cglib/3.2.0/cglib-3.2.0.jar (278 KB at 183.1 KB/sec)
[INFO] Downloaded: https://repo.maven.apache.org/maven2/org/apache/ant/ant-launcher/1.9.4/ant-launcher-1.9.4.jar (18 KB at 11.3 KB/sec)
[INFO] Downloaded: https://repo.maven.apache.org/maven2/org/springframework/spring-expression/4.1.7.RELEASE/spring-expression-4.1.7.RELEASE.jar (254 KB at 134.2 KB/sec)
[INFO] Downloaded: https://repo.maven.apache.org/maven2/org/apache/ant/ant/1.9.4/ant-1.9.4.jar (1972 KB at 893.5 KB/sec)
[INFO] Downloaded: https://repo.maven.apache.org/maven2/org/eclipse/persistence/eclipselink/2.6.1/eclipselink-2.6.1.jar (8840 KB at 3631.5 KB/sec)
[INFO] 
[INFO] --- maven-resources-plugin:2.6:resources (default-resources) @ Akkis.muurahaiset ---
[WARNING] Using platform encoding (UTF-8 actually) to copy filtered resources, i.e. build is platform dependent!
[INFO] Copying 1 resource
[INFO] 
[INFO] --- maven-compiler-plugin:2.5.1:compile (default-compile) @ Akkis.muurahaiset ---
[INFO] Downloading: https://repo.maven.apache.org/maven2/org/codehaus/plexus/plexus-compiler-api/1.9.1/plexus-compiler-api-1.9.1.pom
[INFO] Downloaded: https://repo.maven.apache.org/maven2/org/codehaus/plexus/plexus-compiler-api/1.9.1/plexus-compiler-api-1.9.1.pom (867 B at 7.8 KB/sec)
[INFO] Downloading: https://repo.maven.apache.org/maven2/org/codehaus/plexus/plexus-compiler/1.9.1/plexus-compiler-1.9.1.pom
[INFO] Downloaded: https://repo.maven.apache.org/maven2/org/codehaus/plexus/plexus-compiler/1.9.1/plexus-compiler-1.9.1.pom (4 KB at 39.5 KB/sec)
[INFO] Downloading: https://repo.maven.apache.org/maven2/org/codehaus/plexus/plexus-components/1.1.20/plexus-components-1.1.20.pom
[INFO] Downloaded: https://repo.maven.apache.org/maven2/org/codehaus/plexus/plexus-components/1.1.20/plexus-components-1.1.20.pom (3 KB at 31.0 KB/sec)
[INFO] Downloading: https://repo.maven.apache.org/maven2/org/codehaus/plexus/plexus-compiler-manager/1.9.1/plexus-compiler-manager-1.9.1.pom
[INFO] Downloaded: https://repo.maven.apache.org/maven2/org/codehaus/plexus/plexus-compiler-manager/1.9.1/plexus-compiler-manager-1.9.1.pom (692 B at 7.3 KB/sec)
[INFO] Downloading: https://repo.maven.apache.org/maven2/org/codehaus/plexus/plexus-compiler-javac/1.9.1/plexus-compiler-javac-1.9.1.pom
[INFO] Downloaded: https://repo.maven.apache.org/maven2/org/codehaus/plexus/plexus-compiler-javac/1.9.1/plexus-compiler-javac-1.9.1.pom (688 B at 7.3 KB/sec)
[INFO] Downloading: https://repo.maven.apache.org/maven2/org/codehaus/plexus/plexus-compilers/1.9.1/plexus-compilers-1.9.1.pom
[INFO] Downloaded: https://repo.maven.apache.org/maven2/org/codehaus/plexus/plexus-compilers/1.9.1/plexus-compilers-1.9.1.pom (2 KB at 13.3 KB/sec)
[INFO] Downloading: https://repo.maven.apache.org/maven2/org/codehaus/plexus/plexus-utils/3.0/plexus-utils-3.0.jar
[INFO] Downloading: https://repo.maven.apache.org/maven2/org/codehaus/plexus/plexus-compiler-api/1.9.1/plexus-compiler-api-1.9.1.jar
[INFO] Downloading: https://repo.maven.apache.org/maven2/org/codehaus/plexus/plexus-compiler-javac/1.9.1/plexus-compiler-javac-1.9.1.jar
[INFO] Downloading: https://repo.maven.apache.org/maven2/org/codehaus/plexus/plexus-compiler-manager/1.9.1/plexus-compiler-manager-1.9.1.jar
[INFO] Downloaded: https://repo.maven.apache.org/maven2/org/codehaus/plexus/plexus-compiler-manager/1.9.1/plexus-compiler-manager-1.9.1.jar (5 KB at 45.9 KB/sec)
[INFO] Downloaded: https://repo.maven.apache.org/maven2/org/codehaus/plexus/plexus-compiler-javac/1.9.1/plexus-compiler-javac-1.9.1.jar (14 KB at 141.2 KB/sec)
[INFO] Downloaded: https://repo.maven.apache.org/maven2/org/codehaus/plexus/plexus-utils/3.0/plexus-utils-3.0.jar (221 KB at 1871.0 KB/sec)
[INFO] Downloaded: https://repo.maven.apache.org/maven2/org/codehaus/plexus/plexus-compiler-api/1.9.1/plexus-compiler-api-1.9.1.jar (21 KB at 122.2 KB/sec)
[WARNING] File encoding has not been set, using platform encoding UTF-8, i.e. build is platform dependent!
[INFO] Compiling 15 source files to /var/lib/jenkins/jobs/Akkis/workspace/target/classes
[INFO] 
[INFO] --- maven-resources-plugin:2.6:testResources (default-testResources) @ Akkis.muurahaiset ---
[WARNING] Using platform encoding (UTF-8 actually) to copy filtered resources, i.e. build is platform dependent!
[INFO] skip non existing resourceDirectory /var/lib/jenkins/jobs/Akkis/workspace/src/test/resources
[INFO] 
[INFO] --- maven-compiler-plugin:2.5.1:testCompile (default-testCompile) @ Akkis.muurahaiset ---
[WARNING] File encoding has not been set, using platform encoding UTF-8, i.e. build is platform dependent!
[INFO] Compiling 2 source files to /var/lib/jenkins/jobs/Akkis/workspace/target/test-classes
[INFO] 
[INFO] --- maven-surefire-plugin:2.12.4:test (default-test) @ Akkis.muurahaiset ---
[INFO] Surefire report directory: /var/lib/jenkins/jobs/Akkis/workspace/target/surefire-reports

-------------------------------------------------------
 T E S T S
-------------------------------------------------------
Running fi.agileo.akkis.test.jpa.ContactCompanyTest
HERE1
HERE2
HERE3
HERE4
HERE5
contact == contact2 begin
contact == contact2 before collections
contact == contact2, before user
contact == contact2 end
HERE6
HERE7
Tests run: 2, Failures: 0, Errors: 0, Skipped: 0, Time elapsed: 1.236 sec
Running fi.agileo.akkis.test.jpa.UserTest
Tests run: 2, Failures: 0, Errors: 0, Skipped: 0, Time elapsed: 0 sec
Running fi.agileo.akkis.test.jpa.DealTest
Tests run: 2, Failures: 0, Errors: 0, Skipped: 0, Time elapsed: 0.001 sec
Running fi.agileo.akkis.test.jpa.ContactTest
Tests run: 2, Failures: 0, Errors: 0, Skipped: 0, Time elapsed: 0 sec
Running fi.agileo.akkis.test.Test2
Tests run: 1, Failures: 0, Errors: 0, Skipped: 1, Time elapsed: 0.001 sec
Running fi.agileo.akkis.test.service.ContactCompanyServiceTest
Tests run: 1, Failures: 0, Errors: 0, Skipped: 0, Time elapsed: 1.649 sec
Running fi.agileo.akkis.test.service.DealServiceTest
Tests run: 1, Failures: 0, Errors: 0, Skipped: 0, Time elapsed: 0.001 sec
Running fi.agileo.akkis.test.service.UserServiceTest
login
user count 0
login
user count 1
login
user count 2
login
user count 0
Tests run: 5, Failures: 0, Errors: 0, Skipped: 0, Time elapsed: 0.489 sec
Running fi.agileo.akkis.test.service.ContactServiceTest
Tests run: 2, Failures: 0, Errors: 0, Skipped: 0, Time elapsed: 0.001 sec
Running fi.agileo.akkis.test.Test
Tests run: 2, Failures: 0, Errors: 0, Skipped: 2, Time elapsed: 0.001 sec
Running fi.agileo.akkis.test.managedbeans.TestLoginUser
Tests run: 1, Failures: 0, Errors: 0, Skipped: 0, Time elapsed: 0.102 sec

Results :

Tests run: 21, Failures: 0, Errors: 0, Skipped: 3

[JENKINS] Recording test results
[INFO] 
[INFO] --- maven-war-plugin:2.4:war (default-war) @ Akkis.muurahaiset ---
[INFO] Packaging webapp
[INFO] Assembling webapp [Akkis.muurahaiset] in [/var/lib/jenkins/jobs/Akkis/workspace/target/Akkis.muurahaiset]
[INFO] Processing war project
[INFO] Copying webapp resources [/var/lib/jenkins/jobs/Akkis/workspace/src/main/webapp]
[INFO] Webapp assembled in [2689 msecs]
[INFO] Building war: /var/lib/jenkins/jobs/Akkis/workspace/target/akkis.war
[INFO] 
[INFO] --- maven-install-plugin:2.4:install (default-install) @ Akkis.muurahaiset ---
[INFO] Installing /var/lib/jenkins/jobs/Akkis/workspace/target/akkis.war to /var/lib/jenkins/.m2/repository/fi/agileo/akkis/Akkis.muurahaiset/0.0.1-SNAPSHOT/Akkis.muurahaiset-0.0.1-SNAPSHOT.war
[INFO] Installing /var/lib/jenkins/jobs/Akkis/workspace/pom.xml to /var/lib/jenkins/.m2/repository/fi/agileo/akkis/Akkis.muurahaiset/0.0.1-SNAPSHOT/Akkis.muurahaiset-0.0.1-SNAPSHOT.pom
[INFO] ------------------------------------------------------------------------
[INFO] BUILD SUCCESS
[INFO] ------------------------------------------------------------------------
[INFO] Total time: 01:41 min
[INFO] Finished at: 2015-11-19T09:31:18+02:00
[INFO] Final Memory: 29M/233M
[INFO] ------------------------------------------------------------------------
[JENKINS] Archiving /var/lib/jenkins/jobs/Akkis/workspace/pom.xml to fi.agileo.akkis/Akkis.muurahaiset/0.0.1-SNAPSHOT/Akkis.muurahaiset-0.0.1-SNAPSHOT.pom
[JENKINS] Archiving /var/lib/jenkins/jobs/Akkis/workspace/target/akkis.war to fi.agileo.akkis/Akkis.muurahaiset/0.0.1-SNAPSHOT/Akkis.muurahaiset-0.0.1-SNAPSHOT.war
channel stopped
Finished: SUCCESS
