Started by user anonymous
Building in workspace /var/lib/jenkins/jobs/akkis/workspace
 > git rev-parse --is-inside-work-tree # timeout=10
Fetching changes from the remote Git repository
 > git config remote.origin.url https://github.com/muurahaisetagileo/akkis.git # timeout=10
Fetching upstream changes from https://github.com/muurahaisetagileo/akkis.git
 > git --version # timeout=10
 > git -c core.askpass=true fetch --tags --progress https://github.com/muurahaisetagileo/akkis.git +refs/heads/*:refs/remotes/origin/*
 > git rev-parse refs/remotes/origin/master^{commit} # timeout=10
 > git rev-parse refs/remotes/origin/origin/master^{commit} # timeout=10
Checking out Revision f27ba73f006394f6aa5a3d2781162d08f085175d (refs/remotes/origin/master)
 > git config core.sparsecheckout # timeout=10
 > git checkout -f f27ba73f006394f6aa5a3d2781162d08f085175d
 > git rev-list aeb22ad51c07bfbb8efc1db06fc6dbe08c6eba7c # timeout=10
Parsing POMs
Modules changed, recalculating dependency graph
[workspace] $ /usr/lib/jvm/java-8-oracle/bin/java -cp /var/lib/jenkins/plugins/maven-plugin/WEB-INF/lib/maven31-agent-1.5.jar:/var/lib/jenkins/tools/hudson.tasks.Maven_MavenInstallation/Maven/boot/plexus-classworlds-2.5.2.jar:/var/lib/jenkins/tools/hudson.tasks.Maven_MavenInstallation/Maven/conf/logging jenkins.maven3.agent.Maven31Main /var/lib/jenkins/tools/hudson.tasks.Maven_MavenInstallation/Maven /var/cache/jenkins/war/WEB-INF/lib/remoting-2.52.jar /var/lib/jenkins/plugins/maven-plugin/WEB-INF/lib/maven31-interceptor-1.5.jar /var/lib/jenkins/plugins/maven-plugin/WEB-INF/lib/maven3-interceptor-commons-1.5.jar 39591
<===[JENKINS REMOTING CAPACITY]===>channel started
Executing Maven:  -B -f /var/lib/jenkins/jobs/akkis/workspace/pom.xml install
[INFO] Scanning for projects...
[INFO]                                                                         
[INFO] ------------------------------------------------------------------------
[INFO] Building Akkis muurahaiset 0.0.1-SNAPSHOT
[INFO] ------------------------------------------------------------------------
[INFO] Downloading: https://repo.maven.apache.org/maven2/org/apache/maven/plugins/maven-compiler-plugin/2.5.1/maven-compiler-plugin-2.5.1.pom
[INFO] Downloaded: https://repo.maven.apache.org/maven2/org/apache/maven/plugins/maven-compiler-plugin/2.5.1/maven-compiler-plugin-2.5.1.pom (8 KB at 8.9 KB/sec)
[INFO] Downloading: https://repo.maven.apache.org/maven2/org/apache/maven/plugins/maven-plugins/22/maven-plugins-22.pom
[INFO] Downloaded: https://repo.maven.apache.org/maven2/org/apache/maven/plugins/maven-plugins/22/maven-plugins-22.pom (13 KB at 138.4 KB/sec)
[INFO] Downloading: https://repo.maven.apache.org/maven2/org/apache/maven/plugins/maven-compiler-plugin/2.5.1/maven-compiler-plugin-2.5.1.jar
[INFO] Downloaded: https://repo.maven.apache.org/maven2/org/apache/maven/plugins/maven-compiler-plugin/2.5.1/maven-compiler-plugin-2.5.1.jar (32 KB at 254.0 KB/sec)
[INFO] Downloading: http://repository.primefaces.org/org/primefaces/primefaces/5.3/primefaces-5.3.pom
[INFO] Downloading: https://repo.maven.apache.org/maven2/org/primefaces/primefaces/5.3/primefaces-5.3.pom
[INFO] Downloaded: https://repo.maven.apache.org/maven2/org/primefaces/primefaces/5.3/primefaces-5.3.pom (52 KB at 369.2 KB/sec)
[INFO] Downloading: http://repository.primefaces.org/mysql/mysql-connector-java/5.1.37/mysql-connector-java-5.1.37.pom
[INFO] Downloading: https://repo.maven.apache.org/maven2/mysql/mysql-connector-java/5.1.37/mysql-connector-java-5.1.37.pom
[INFO] Downloaded: https://repo.maven.apache.org/maven2/mysql/mysql-connector-java/5.1.37/mysql-connector-java-5.1.37.pom (2 KB at 11.0 KB/sec)
[INFO] Downloading: http://repository.primefaces.org/org/springframework/spring-orm/4.1.7.RELEASE/spring-orm-4.1.7.RELEASE.pom
[INFO] Downloading: https://repo.maven.apache.org/maven2/org/springframework/spring-orm/4.1.7.RELEASE/spring-orm-4.1.7.RELEASE.pom
[INFO] Downloaded: https://repo.maven.apache.org/maven2/org/springframework/spring-orm/4.1.7.RELEASE/spring-orm-4.1.7.RELEASE.pom (7 KB at 69.3 KB/sec)
[INFO] Downloading: http://repository.primefaces.org/org/springframework/spring-beans/4.1.7.RELEASE/spring-beans-4.1.7.RELEASE.pom
[INFO] Downloading: https://repo.maven.apache.org/maven2/org/springframework/spring-beans/4.1.7.RELEASE/spring-beans-4.1.7.RELEASE.pom
[INFO] Downloaded: https://repo.maven.apache.org/maven2/org/springframework/spring-beans/4.1.7.RELEASE/spring-beans-4.1.7.RELEASE.pom (3 KB at 25.2 KB/sec)
[INFO] Downloading: http://repository.primefaces.org/org/springframework/spring-core/4.1.7.RELEASE/spring-core-4.1.7.RELEASE.pom
[INFO] Downloading: https://repo.maven.apache.org/maven2/org/springframework/spring-core/4.1.7.RELEASE/spring-core-4.1.7.RELEASE.pom
[INFO] Downloaded: https://repo.maven.apache.org/maven2/org/springframework/spring-core/4.1.7.RELEASE/spring-core-4.1.7.RELEASE.pom (3 KB at 25.6 KB/sec)
[INFO] Downloading: http://repository.primefaces.org/commons-logging/commons-logging/1.2/commons-logging-1.2.pom
[INFO] Downloading: https://repo.maven.apache.org/maven2/commons-logging/commons-logging/1.2/commons-logging-1.2.pom
[INFO] Downloaded: https://repo.maven.apache.org/maven2/commons-logging/commons-logging/1.2/commons-logging-1.2.pom (19 KB at 195.4 KB/sec)
[INFO] Downloading: http://repository.primefaces.org/org/apache/commons/commons-parent/34/commons-parent-34.pom
[INFO] Downloading: https://repo.maven.apache.org/maven2/org/apache/commons/commons-parent/34/commons-parent-34.pom
[INFO] Downloaded: https://repo.maven.apache.org/maven2/org/apache/commons/commons-parent/34/commons-parent-34.pom (55 KB at 413.9 KB/sec)
[INFO] Downloading: http://repository.primefaces.org/org/springframework/spring-jdbc/4.1.7.RELEASE/spring-jdbc-4.1.7.RELEASE.pom
[INFO] Downloading: https://repo.maven.apache.org/maven2/org/springframework/spring-jdbc/4.1.7.RELEASE/spring-jdbc-4.1.7.RELEASE.pom
[INFO] Downloaded: https://repo.maven.apache.org/maven2/org/springframework/spring-jdbc/4.1.7.RELEASE/spring-jdbc-4.1.7.RELEASE.pom (4 KB at 37.1 KB/sec)
[INFO] Downloading: http://repository.primefaces.org/org/springframework/spring-tx/4.1.7.RELEASE/spring-tx-4.1.7.RELEASE.pom
[INFO] Downloading: https://repo.maven.apache.org/maven2/org/springframework/spring-tx/4.1.7.RELEASE/spring-tx-4.1.7.RELEASE.pom
[INFO] Downloaded: https://repo.maven.apache.org/maven2/org/springframework/spring-tx/4.1.7.RELEASE/spring-tx-4.1.7.RELEASE.pom (4 KB at 36.1 KB/sec)
[INFO] Downloading: http://repository.primefaces.org/org/springframework/spring-webmvc/4.1.7.RELEASE/spring-webmvc-4.1.7.RELEASE.pom
[INFO] Downloading: https://repo.maven.apache.org/maven2/org/springframework/spring-webmvc/4.1.7.RELEASE/spring-webmvc-4.1.7.RELEASE.pom
[INFO] Downloaded: https://repo.maven.apache.org/maven2/org/springframework/spring-webmvc/4.1.7.RELEASE/spring-webmvc-4.1.7.RELEASE.pom (12 KB at 122.0 KB/sec)
[INFO] Downloading: http://repository.primefaces.org/org/springframework/spring-context/4.1.7.RELEASE/spring-context-4.1.7.RELEASE.pom
[INFO] Downloading: https://repo.maven.apache.org/maven2/org/springframework/spring-context/4.1.7.RELEASE/spring-context-4.1.7.RELEASE.pom
[INFO] Downloaded: https://repo.maven.apache.org/maven2/org/springframework/spring-context/4.1.7.RELEASE/spring-context-4.1.7.RELEASE.pom (5 KB at 51.3 KB/sec)
[INFO] Downloading: http://repository.primefaces.org/org/springframework/spring-aop/4.1.7.RELEASE/spring-aop-4.1.7.RELEASE.pom
[INFO] Downloading: https://repo.maven.apache.org/maven2/org/springframework/spring-aop/4.1.7.RELEASE/spring-aop-4.1.7.RELEASE.pom
[INFO] Downloaded: https://repo.maven.apache.org/maven2/org/springframework/spring-aop/4.1.7.RELEASE/spring-aop-4.1.7.RELEASE.pom (3 KB at 27.6 KB/sec)
[INFO] Downloading: http://repository.primefaces.org/org/springframework/spring-expression/4.1.7.RELEASE/spring-expression-4.1.7.RELEASE.pom
[INFO] Downloading: https://repo.maven.apache.org/maven2/org/springframework/spring-expression/4.1.7.RELEASE/spring-expression-4.1.7.RELEASE.pom
[INFO] Downloaded: https://repo.maven.apache.org/maven2/org/springframework/spring-expression/4.1.7.RELEASE/spring-expression-4.1.7.RELEASE.pom (2 KB at 18.1 KB/sec)
[INFO] Downloading: http://repository.primefaces.org/org/springframework/spring-web/4.1.7.RELEASE/spring-web-4.1.7.RELEASE.pom
[INFO] Downloading: https://repo.maven.apache.org/maven2/org/springframework/spring-web/4.1.7.RELEASE/spring-web-4.1.7.RELEASE.pom
[INFO] Downloaded: https://repo.maven.apache.org/maven2/org/springframework/spring-web/4.1.7.RELEASE/spring-web-4.1.7.RELEASE.pom (8 KB at 77.4 KB/sec)
[INFO] Downloading: http://repository.primefaces.org/org/eclipse/persistence/eclipselink/2.6.1/eclipselink-2.6.1.pom
[INFO] Downloading: https://repo.maven.apache.org/maven2/org/eclipse/persistence/eclipselink/2.6.1/eclipselink-2.6.1.pom
[INFO] Downloaded: https://repo.maven.apache.org/maven2/org/eclipse/persistence/eclipselink/2.6.1/eclipselink-2.6.1.pom (4 KB at 31.2 KB/sec)
[INFO] Downloading: http://repository.primefaces.org/org/eclipse/persistence/javax.persistence/2.1.0/javax.persistence-2.1.0.pom
[INFO] Downloading: https://repo.maven.apache.org/maven2/org/eclipse/persistence/javax.persistence/2.1.0/javax.persistence-2.1.0.pom
[INFO] Downloaded: https://repo.maven.apache.org/maven2/org/eclipse/persistence/javax.persistence/2.1.0/javax.persistence-2.1.0.pom (3 KB at 25.3 KB/sec)
[INFO] Downloading: http://repository.primefaces.org/org/glassfish/javax.json/1.0.4/javax.json-1.0.4.pom
[INFO] Downloading: https://repo.maven.apache.org/maven2/org/glassfish/javax.json/1.0.4/javax.json-1.0.4.pom
[INFO] Downloaded: https://repo.maven.apache.org/maven2/org/glassfish/javax.json/1.0.4/javax.json-1.0.4.pom (10 KB at 94.9 KB/sec)
[INFO] Downloading: http://repository.primefaces.org/org/glassfish/json/1.0.4/json-1.0.4.pom
[INFO] Downloading: https://repo.maven.apache.org/maven2/org/glassfish/json/1.0.4/json-1.0.4.pom
[INFO] Downloaded: https://repo.maven.apache.org/maven2/org/glassfish/json/1.0.4/json-1.0.4.pom (11 KB at 111.5 KB/sec)
[INFO] Downloading: http://repository.primefaces.org/net/java/jvnet-parent/3/jvnet-parent-3.pom
[INFO] Downloading: https://repo.maven.apache.org/maven2/net/java/jvnet-parent/3/jvnet-parent-3.pom
[INFO] Downloaded: https://repo.maven.apache.org/maven2/net/java/jvnet-parent/3/jvnet-parent-3.pom (5 KB at 49.2 KB/sec)
[INFO] Downloading: http://repository.primefaces.org/cglib/cglib/3.2.0/cglib-3.2.0.pom
[INFO] Downloading: https://repo.maven.apache.org/maven2/cglib/cglib/3.2.0/cglib-3.2.0.pom
[INFO] Downloaded: https://repo.maven.apache.org/maven2/cglib/cglib/3.2.0/cglib-3.2.0.pom (3 KB at 29.6 KB/sec)
[INFO] Downloading: http://repository.primefaces.org/cglib/cglib-parent/3.2.0/cglib-parent-3.2.0.pom
[INFO] Downloading: https://repo.maven.apache.org/maven2/cglib/cglib-parent/3.2.0/cglib-parent-3.2.0.pom
[INFO] Downloaded: https://repo.maven.apache.org/maven2/cglib/cglib-parent/3.2.0/cglib-parent-3.2.0.pom (9 KB at 86.6 KB/sec)
[INFO] Downloading: http://repository.primefaces.org/org/ow2/asm/asm/5.0.3/asm-5.0.3.pom
[INFO] Downloading: https://repo.maven.apache.org/maven2/org/ow2/asm/asm/5.0.3/asm-5.0.3.pom
[INFO] Downloaded: https://repo.maven.apache.org/maven2/org/ow2/asm/asm/5.0.3/asm-5.0.3.pom (2 KB at 20.5 KB/sec)
[INFO] Downloading: http://repository.primefaces.org/org/ow2/asm/asm-parent/5.0.3/asm-parent-5.0.3.pom
[INFO] Downloading: https://repo.maven.apache.org/maven2/org/ow2/asm/asm-parent/5.0.3/asm-parent-5.0.3.pom
[INFO] Downloaded: https://repo.maven.apache.org/maven2/org/ow2/asm/asm-parent/5.0.3/asm-parent-5.0.3.pom (6 KB at 55.9 KB/sec)
[INFO] Downloading: http://repository.primefaces.org/org/ow2/ow2/1.3/ow2-1.3.pom
[INFO] Downloading: https://repo.maven.apache.org/maven2/org/ow2/ow2/1.3/ow2-1.3.pom
[INFO] Downloaded: https://repo.maven.apache.org/maven2/org/ow2/ow2/1.3/ow2-1.3.pom (10 KB at 95.7 KB/sec)
[INFO] Downloading: http://repository.primefaces.org/org/apache/ant/ant/1.9.4/ant-1.9.4.pom
[INFO] Downloading: https://repo.maven.apache.org/maven2/org/apache/ant/ant/1.9.4/ant-1.9.4.pom
[INFO] Downloaded: https://repo.maven.apache.org/maven2/org/apache/ant/ant/1.9.4/ant-1.9.4.pom (10 KB at 96.9 KB/sec)
[INFO] Downloading: http://repository.primefaces.org/org/apache/ant/ant-parent/1.9.4/ant-parent-1.9.4.pom
[INFO] Downloading: https://repo.maven.apache.org/maven2/org/apache/ant/ant-parent/1.9.4/ant-parent-1.9.4.pom
[INFO] Downloaded: https://repo.maven.apache.org/maven2/org/apache/ant/ant-parent/1.9.4/ant-parent-1.9.4.pom (6 KB at 58.2 KB/sec)
[INFO] Downloading: http://repository.primefaces.org/org/apache/ant/ant-launcher/1.9.4/ant-launcher-1.9.4.pom
[INFO] Downloading: https://repo.maven.apache.org/maven2/org/apache/ant/ant-launcher/1.9.4/ant-launcher-1.9.4.pom
[INFO] Downloaded: https://repo.maven.apache.org/maven2/org/apache/ant/ant-launcher/1.9.4/ant-launcher-1.9.4.pom (3 KB at 23.5 KB/sec)
[INFO] Downloading: http://repository.primefaces.org/org/primefaces/primefaces/5.3/primefaces-5.3.jar
[INFO] Downloading: http://repository.primefaces.org/mysql/mysql-connector-java/5.1.37/mysql-connector-java-5.1.37.jar
[INFO] Downloading: http://repository.primefaces.org/org/springframework/spring-orm/4.1.7.RELEASE/spring-orm-4.1.7.RELEASE.jar
[INFO] Downloading: http://repository.primefaces.org/org/springframework/spring-beans/4.1.7.RELEASE/spring-beans-4.1.7.RELEASE.jar
[INFO] Downloading: http://repository.primefaces.org/org/springframework/spring-core/4.1.7.RELEASE/spring-core-4.1.7.RELEASE.jar
[INFO] Downloading: http://repository.primefaces.org/commons-logging/commons-logging/1.2/commons-logging-1.2.jar
[INFO] Downloading: http://repository.primefaces.org/org/springframework/spring-jdbc/4.1.7.RELEASE/spring-jdbc-4.1.7.RELEASE.jar
[INFO] Downloading: http://repository.primefaces.org/org/springframework/spring-tx/4.1.7.RELEASE/spring-tx-4.1.7.RELEASE.jar
[INFO] Downloading: http://repository.primefaces.org/org/springframework/spring-context/4.1.7.RELEASE/spring-context-4.1.7.RELEASE.jar
[INFO] Downloading: http://repository.primefaces.org/org/springframework/spring-webmvc/4.1.7.RELEASE/spring-webmvc-4.1.7.RELEASE.jar
[INFO] Downloading: http://repository.primefaces.org/org/springframework/spring-aop/4.1.7.RELEASE/spring-aop-4.1.7.RELEASE.jar
[INFO] Downloading: http://repository.primefaces.org/org/springframework/spring-expression/4.1.7.RELEASE/spring-expression-4.1.7.RELEASE.jar
[INFO] Downloading: http://repository.primefaces.org/org/springframework/spring-web/4.1.7.RELEASE/spring-web-4.1.7.RELEASE.jar
[INFO] Downloading: http://repository.primefaces.org/org/eclipse/persistence/eclipselink/2.6.1/eclipselink-2.6.1.jar
[INFO] Downloading: http://repository.primefaces.org/org/eclipse/persistence/javax.persistence/2.1.0/javax.persistence-2.1.0.jar
[INFO] Downloading: http://repository.primefaces.org/cglib/cglib/3.2.0/cglib-3.2.0.jar
[INFO] Downloading: http://repository.primefaces.org/org/glassfish/javax.json/1.0.4/javax.json-1.0.4.jar
[INFO] Downloading: http://repository.primefaces.org/org/ow2/asm/asm/5.0.3/asm-5.0.3.jar
[INFO] Downloading: http://repository.primefaces.org/org/apache/ant/ant/1.9.4/ant-1.9.4.jar
[INFO] Downloading: http://repository.primefaces.org/org/apache/ant/ant-launcher/1.9.4/ant-launcher-1.9.4.jar
[INFO] Downloading: https://repo.maven.apache.org/maven2/org/primefaces/primefaces/5.3/primefaces-5.3.jar
[INFO] Downloading: https://repo.maven.apache.org/maven2/mysql/mysql-connector-java/5.1.37/mysql-connector-java-5.1.37.jar
[INFO] Downloading: https://repo.maven.apache.org/maven2/org/springframework/spring-orm/4.1.7.RELEASE/spring-orm-4.1.7.RELEASE.jar
[INFO] Downloading: https://repo.maven.apache.org/maven2/org/springframework/spring-beans/4.1.7.RELEASE/spring-beans-4.1.7.RELEASE.jar
[INFO] Downloading: https://repo.maven.apache.org/maven2/org/springframework/spring-core/4.1.7.RELEASE/spring-core-4.1.7.RELEASE.jar
[INFO] Downloaded: https://repo.maven.apache.org/maven2/org/primefaces/primefaces/5.3/primefaces-5.3.jar (3343 KB at 6133.4 KB/sec)
[INFO] Downloading: https://repo.maven.apache.org/maven2/commons-logging/commons-logging/1.2/commons-logging-1.2.jar
[INFO] Downloaded: https://repo.maven.apache.org/maven2/commons-logging/commons-logging/1.2/commons-logging-1.2.jar (61 KB at 94.0 KB/sec)
[INFO] Downloading: https://repo.maven.apache.org/maven2/org/springframework/spring-jdbc/4.1.7.RELEASE/spring-jdbc-4.1.7.RELEASE.jar
[INFO] Downloaded: https://repo.maven.apache.org/maven2/org/springframework/spring-orm/4.1.7.RELEASE/spring-orm-4.1.7.RELEASE.jar (368 KB at 471.1 KB/sec)
[INFO] Downloading: https://repo.maven.apache.org/maven2/org/springframework/spring-tx/4.1.7.RELEASE/spring-tx-4.1.7.RELEASE.jar
[INFO] Downloaded: https://repo.maven.apache.org/maven2/org/springframework/spring-jdbc/4.1.7.RELEASE/spring-jdbc-4.1.7.RELEASE.jar (417 KB at 486.8 KB/sec)
[INFO] Downloading: https://repo.maven.apache.org/maven2/org/springframework/spring-webmvc/4.1.7.RELEASE/spring-webmvc-4.1.7.RELEASE.jar
[INFO] Downloaded: https://repo.maven.apache.org/maven2/mysql/mysql-connector-java/5.1.37/mysql-connector-java-5.1.37.jar (963 KB at 953.9 KB/sec)
[INFO] Downloading: https://repo.maven.apache.org/maven2/org/springframework/spring-context/4.1.7.RELEASE/spring-context-4.1.7.RELEASE.jar
[INFO] Downloaded: https://repo.maven.apache.org/maven2/org/springframework/spring-tx/4.1.7.RELEASE/spring-tx-4.1.7.RELEASE.jar (248 KB at 230.7 KB/sec)
[INFO] Downloading: https://repo.maven.apache.org/maven2/org/springframework/spring-aop/4.1.7.RELEASE/spring-aop-4.1.7.RELEASE.jar
[INFO] Downloaded: https://repo.maven.apache.org/maven2/org/springframework/spring-webmvc/4.1.7.RELEASE/spring-webmvc-4.1.7.RELEASE.jar (765 KB at 703.2 KB/sec)
[INFO] Downloading: https://repo.maven.apache.org/maven2/org/springframework/spring-expression/4.1.7.RELEASE/spring-expression-4.1.7.RELEASE.jar
[INFO] Downloaded: https://repo.maven.apache.org/maven2/org/springframework/spring-expression/4.1.7.RELEASE/spring-expression-4.1.7.RELEASE.jar (254 KB at 210.1 KB/sec)
[INFO] Downloading: https://repo.maven.apache.org/maven2/org/springframework/spring-web/4.1.7.RELEASE/spring-web-4.1.7.RELEASE.jar
[INFO] Downloaded: https://repo.maven.apache.org/maven2/org/springframework/spring-web/4.1.7.RELEASE/spring-web-4.1.7.RELEASE.jar (706 KB at 507.0 KB/sec)
[INFO] Downloading: https://repo.maven.apache.org/maven2/org/eclipse/persistence/eclipselink/2.6.1/eclipselink-2.6.1.jar
[INFO] Downloaded: https://repo.maven.apache.org/maven2/org/springframework/spring-beans/4.1.7.RELEASE/spring-beans-4.1.7.RELEASE.jar (696 KB at 471.0 KB/sec)
[INFO] Downloading: https://repo.maven.apache.org/maven2/org/eclipse/persistence/javax.persistence/2.1.0/javax.persistence-2.1.0.jar
[INFO] Downloaded: https://repo.maven.apache.org/maven2/org/springframework/spring-aop/4.1.7.RELEASE/spring-aop-4.1.7.RELEASE.jar (352 KB at 238.1 KB/sec)
[INFO] Downloading: https://repo.maven.apache.org/maven2/org/glassfish/javax.json/1.0.4/javax.json-1.0.4.jar
[INFO] Downloaded: https://repo.maven.apache.org/maven2/org/springframework/spring-context/4.1.7.RELEASE/spring-context-4.1.7.RELEASE.jar (1003 KB at 625.1 KB/sec)
[INFO] Downloading: https://repo.maven.apache.org/maven2/cglib/cglib/3.2.0/cglib-3.2.0.jar
[INFO] Downloaded: https://repo.maven.apache.org/maven2/org/glassfish/javax.json/1.0.4/javax.json-1.0.4.jar (84 KB at 51.2 KB/sec)
[INFO] Downloading: https://repo.maven.apache.org/maven2/org/ow2/asm/asm/5.0.3/asm-5.0.3.jar
[INFO] Downloaded: https://repo.maven.apache.org/maven2/org/springframework/spring-core/4.1.7.RELEASE/spring-core-4.1.7.RELEASE.jar (985 KB at 578.7 KB/sec)
[INFO] Downloading: https://repo.maven.apache.org/maven2/org/apache/ant/ant/1.9.4/ant-1.9.4.jar
[INFO] Downloaded: https://repo.maven.apache.org/maven2/org/eclipse/persistence/javax.persistence/2.1.0/javax.persistence-2.1.0.jar (159 KB at 90.3 KB/sec)
[INFO] Downloading: https://repo.maven.apache.org/maven2/org/apache/ant/ant-launcher/1.9.4/ant-launcher-1.9.4.jar
[INFO] Downloaded: https://repo.maven.apache.org/maven2/org/ow2/asm/asm/5.0.3/asm-5.0.3.jar (52 KB at 29.5 KB/sec)
[INFO] Downloaded: https://repo.maven.apache.org/maven2/cglib/cglib/3.2.0/cglib-3.2.0.jar (278 KB at 152.3 KB/sec)
[INFO] Downloaded: https://repo.maven.apache.org/maven2/org/apache/ant/ant-launcher/1.9.4/ant-launcher-1.9.4.jar (18 KB at 9.7 KB/sec)
[INFO] Downloaded: https://repo.maven.apache.org/maven2/org/eclipse/persistence/eclipselink/2.6.1/eclipselink-2.6.1.jar (8840 KB at 3330.5 KB/sec)
[INFO] Downloaded: https://repo.maven.apache.org/maven2/org/apache/ant/ant/1.9.4/ant-1.9.4.jar (1972 KB at 480.7 KB/sec)
[INFO] 
[INFO] --- maven-resources-plugin:2.6:resources (default-resources) @ Akkis.muurahaiset ---
[WARNING] Using platform encoding (UTF-8 actually) to copy filtered resources, i.e. build is platform dependent!
[INFO] Copying 1 resource
[INFO] 
[INFO] --- maven-compiler-plugin:2.5.1:compile (default-compile) @ Akkis.muurahaiset ---
[INFO] Downloading: https://repo.maven.apache.org/maven2/org/codehaus/plexus/plexus-compiler-api/1.9.1/plexus-compiler-api-1.9.1.pom
[INFO] Downloaded: https://repo.maven.apache.org/maven2/org/codehaus/plexus/plexus-compiler-api/1.9.1/plexus-compiler-api-1.9.1.pom (867 B at 9.0 KB/sec)
[INFO] Downloading: https://repo.maven.apache.org/maven2/org/codehaus/plexus/plexus-compiler/1.9.1/plexus-compiler-1.9.1.pom
[INFO] Downloaded: https://repo.maven.apache.org/maven2/org/codehaus/plexus/plexus-compiler/1.9.1/plexus-compiler-1.9.1.pom (4 KB at 41.2 KB/sec)
[INFO] Downloading: https://repo.maven.apache.org/maven2/org/codehaus/plexus/plexus-components/1.1.20/plexus-components-1.1.20.pom
[INFO] Downloaded: https://repo.maven.apache.org/maven2/org/codehaus/plexus/plexus-components/1.1.20/plexus-components-1.1.20.pom (3 KB at 31.7 KB/sec)
[INFO] Downloading: https://repo.maven.apache.org/maven2/org/codehaus/plexus/plexus-compiler-manager/1.9.1/plexus-compiler-manager-1.9.1.pom
[INFO] Downloaded: https://repo.maven.apache.org/maven2/org/codehaus/plexus/plexus-compiler-manager/1.9.1/plexus-compiler-manager-1.9.1.pom (692 B at 7.4 KB/sec)
[INFO] Downloading: https://repo.maven.apache.org/maven2/org/codehaus/plexus/plexus-compiler-javac/1.9.1/plexus-compiler-javac-1.9.1.pom
[INFO] Downloaded: https://repo.maven.apache.org/maven2/org/codehaus/plexus/plexus-compiler-javac/1.9.1/plexus-compiler-javac-1.9.1.pom (688 B at 7.5 KB/sec)
[INFO] Downloading: https://repo.maven.apache.org/maven2/org/codehaus/plexus/plexus-compilers/1.9.1/plexus-compilers-1.9.1.pom
[INFO] Downloaded: https://repo.maven.apache.org/maven2/org/codehaus/plexus/plexus-compilers/1.9.1/plexus-compilers-1.9.1.pom (2 KB at 13.2 KB/sec)
[INFO] Downloading: https://repo.maven.apache.org/maven2/org/codehaus/plexus/plexus-utils/3.0/plexus-utils-3.0.jar
[INFO] Downloading: https://repo.maven.apache.org/maven2/org/codehaus/plexus/plexus-compiler-manager/1.9.1/plexus-compiler-manager-1.9.1.jar
[INFO] Downloading: https://repo.maven.apache.org/maven2/org/codehaus/plexus/plexus-compiler-api/1.9.1/plexus-compiler-api-1.9.1.jar
[INFO] Downloading: https://repo.maven.apache.org/maven2/org/codehaus/plexus/plexus-compiler-javac/1.9.1/plexus-compiler-javac-1.9.1.jar
[INFO] Downloaded: https://repo.maven.apache.org/maven2/org/codehaus/plexus/plexus-compiler-manager/1.9.1/plexus-compiler-manager-1.9.1.jar (5 KB at 44.5 KB/sec)
[INFO] Downloaded: https://repo.maven.apache.org/maven2/org/codehaus/plexus/plexus-compiler-api/1.9.1/plexus-compiler-api-1.9.1.jar (21 KB at 204.8 KB/sec)
[INFO] Downloaded: https://repo.maven.apache.org/maven2/org/codehaus/plexus/plexus-compiler-javac/1.9.1/plexus-compiler-javac-1.9.1.jar (14 KB at 138.4 KB/sec)
[INFO] Downloaded: https://repo.maven.apache.org/maven2/org/codehaus/plexus/plexus-utils/3.0/plexus-utils-3.0.jar (221 KB at 714.5 KB/sec)
[WARNING] File encoding has not been set, using platform encoding UTF-8, i.e. build is platform dependent!
[INFO] Compiling 26 source files to /var/lib/jenkins/jobs/akkis/workspace/target/classes
[INFO] 
[INFO] --- maven-resources-plugin:2.6:testResources (default-testResources) @ Akkis.muurahaiset ---
[WARNING] Using platform encoding (UTF-8 actually) to copy filtered resources, i.e. build is platform dependent!
[INFO] skip non existing resourceDirectory /var/lib/jenkins/jobs/akkis/workspace/src/test/resources
[INFO] 
[INFO] --- maven-compiler-plugin:2.5.1:testCompile (default-testCompile) @ Akkis.muurahaiset ---
[WARNING] File encoding has not been set, using platform encoding UTF-8, i.e. build is platform dependent!
[INFO] Compiling 11 source files to /var/lib/jenkins/jobs/akkis/workspace/target/test-classes
[INFO] 
[INFO] --- maven-surefire-plugin:2.12.4:test (default-test) @ Akkis.muurahaiset ---
[INFO] Surefire report directory: /var/lib/jenkins/jobs/akkis/workspace/target/surefire-reports

-------------------------------------------------------
 T E S T S
-------------------------------------------------------
Running fi.agileo.akkis.test.Test2
Tests run: 1, Failures: 0, Errors: 0, Skipped: 1, Time elapsed: 0.039 sec
Running fi.agileo.akkis.test.service.ContactServiceTest
Tests run: 2, Failures: 0, Errors: 0, Skipped: 0, Time elapsed: 0.007 sec
Running fi.agileo.akkis.test.service.UserServiceTest
login
user count 0
login
user count 1
login
user count 2
login
user count 0
Tests run: 5, Failures: 0, Errors: 0, Skipped: 0, Time elapsed: 0.195 sec
Running fi.agileo.akkis.test.service.DealServiceTest
Tests run: 1, Failures: 0, Errors: 0, Skipped: 0, Time elapsed: 0 sec
Running fi.agileo.akkis.test.service.ContactCompanyServiceTest
Tests run: 1, Failures: 0, Errors: 0, Skipped: 0, Time elapsed: 0 sec
Running fi.agileo.akkis.test.jpa.ContactCompanyTest
HERE1
HERE2
HERE3
HERE4
HERE5
contact == contact2 begin
contact == contact2 before collections
contact == contact2, before user
contact == contact2 end
HERE6
HERE7
Tests run: 2, Failures: 0, Errors: 0, Skipped: 0, Time elapsed: 0.018 sec
Running fi.agileo.akkis.test.jpa.ContactTest
Tests run: 2, Failures: 0, Errors: 0, Skipped: 0, Time elapsed: 0.001 sec
Running fi.agileo.akkis.test.jpa.UserTest
Tests run: 2, Failures: 0, Errors: 0, Skipped: 0, Time elapsed: 0.002 sec
Running fi.agileo.akkis.test.jpa.DealTest
Tests run: 2, Failures: 0, Errors: 0, Skipped: 0, Time elapsed: 0 sec
Running fi.agileo.akkis.test.Test
Tests run: 2, Failures: 0, Errors: 0, Skipped: 2, Time elapsed: 0 sec
Running fi.agileo.akkis.test.managedbeans.TestLoginUser
Tests run: 1, Failures: 0, Errors: 0, Skipped: 0, Time elapsed: 0 sec

Results :

Tests run: 21, Failures: 0, Errors: 0, Skipped: 3

[JENKINS] Recording test results
[INFO] 
[INFO] --- maven-war-plugin:2.4:war (default-war) @ Akkis.muurahaiset ---
[INFO] Packaging webapp
[INFO] Assembling webapp [Akkis.muurahaiset] in [/var/lib/jenkins/jobs/akkis/workspace/target/Akkis.muurahaiset]
[INFO] Processing war project
[INFO] Copying webapp resources [/var/lib/jenkins/jobs/akkis/workspace/src/main/webapp]
[INFO] Webapp assembled in [241 msecs]
[INFO] Building war: /var/lib/jenkins/jobs/akkis/workspace/target/akkis.war
[INFO] 
[INFO] --- maven-install-plugin:2.4:install (default-install) @ Akkis.muurahaiset ---
[INFO] Installing /var/lib/jenkins/jobs/akkis/workspace/target/akkis.war to /var/lib/jenkins/.m2/repository/fi/agileo/akkis/Akkis.muurahaiset/0.0.1-SNAPSHOT/Akkis.muurahaiset-0.0.1-SNAPSHOT.war
[INFO] Installing /var/lib/jenkins/jobs/akkis/workspace/pom.xml to /var/lib/jenkins/.m2/repository/fi/agileo/akkis/Akkis.muurahaiset/0.0.1-SNAPSHOT/Akkis.muurahaiset-0.0.1-SNAPSHOT.pom
[INFO] ------------------------------------------------------------------------
[INFO] BUILD SUCCESS
[INFO] ------------------------------------------------------------------------
[INFO] Total time: 29.141 s
[INFO] Finished at: 2015-11-24T09:50:33+02:00
[INFO] Final Memory: 28M/191M
[INFO] ------------------------------------------------------------------------
[JENKINS] Archiving /var/lib/jenkins/jobs/akkis/workspace/pom.xml to fi.agileo.akkis/Akkis.muurahaiset/0.0.1-SNAPSHOT/Akkis.muurahaiset-0.0.1-SNAPSHOT.pom
[JENKINS] Archiving /var/lib/jenkins/jobs/akkis/workspace/target/akkis.war to fi.agileo.akkis/Akkis.muurahaiset/0.0.1-SNAPSHOT/Akkis.muurahaiset-0.0.1-SNAPSHOT.war
channel stopped
Finished: SUCCESS