Console Output

Started by user anonymous
Building in workspace /var/lib/jenkins/jobs/akkis/workspace
 > git rev-parse --is-inside-work-tree # timeout=10
Fetching changes from the remote Git repository
 > git config remote.origin.url https://github.com/muurahaisetagileo/akkis.git # timeout=10
Fetching upstream changes from https://github.com/muurahaisetagileo/akkis.git
 > git --version # timeout=10
 > git -c core.askpass=true fetch --tags --progress https://github.com/muurahaisetagileo/akkis.git +refs/heads/*:refs/remotes/origin/*
 > git rev-parse refs/remotes/origin/master^{commit} # timeout=10
 > git rev-parse refs/remotes/origin/origin/master^{commit} # timeout=10
Checking out Revision c6c0a0695f4b9e3afbc6c8e3f35858b1dc232fda (refs/remotes/origin/master)
 > git config core.sparsecheckout # timeout=10
 > git checkout -f c6c0a0695f4b9e3afbc6c8e3f35858b1dc232fda
 > git rev-list f27ba73f006394f6aa5a3d2781162d08f085175d # timeout=10
Parsing POMs
[workspace] $ /usr/lib/jvm/java-8-oracle/bin/java -cp /var/lib/jenkins/plugins/maven-plugin/WEB-INF/lib/maven31-agent-1.5.jar:/var/lib/jenkins/tools/hudson.tasks.Maven_MavenInstallation/Maven/boot/plexus-classworlds-2.5.2.jar:/var/lib/jenkins/tools/hudson.tasks.Maven_MavenInstallation/Maven/conf/logging jenkins.maven3.agent.Maven31Main /var/lib/jenkins/tools/hudson.tasks.Maven_MavenInstallation/Maven /var/cache/jenkins/war/WEB-INF/lib/remoting-2.52.jar /var/lib/jenkins/plugins/maven-plugin/WEB-INF/lib/maven31-interceptor-1.5.jar /var/lib/jenkins/plugins/maven-plugin/WEB-INF/lib/maven3-interceptor-commons-1.5.jar 33839
<===[JENKINS REMOTING CAPACITY]===>channel started
Executing Maven:  -B -f /var/lib/jenkins/jobs/akkis/workspace/pom.xml install
[INFO] Scanning for projects...
[INFO]                                                                         
[INFO] ------------------------------------------------------------------------
[INFO] Building Akkis muurahaiset 0.0.1-SNAPSHOT
[INFO] ------------------------------------------------------------------------
[INFO] 
[INFO] --- maven-resources-plugin:2.6:resources (default-resources) @ Akkis.muurahaiset ---
[WARNING] Using platform encoding (UTF-8 actually) to copy filtered resources, i.e. build is platform dependent!
[INFO] Copying 1 resource
[INFO] 
[INFO] --- maven-compiler-plugin:2.5.1:compile (default-compile) @ Akkis.muurahaiset ---
[WARNING] File encoding has not been set, using platform encoding UTF-8, i.e. build is platform dependent!
[INFO] Compiling 2 source files to /var/lib/jenkins/jobs/akkis/workspace/target/classes
[INFO] 
[INFO] --- maven-resources-plugin:2.6:testResources (default-testResources) @ Akkis.muurahaiset ---
[WARNING] Using platform encoding (UTF-8 actually) to copy filtered resources, i.e. build is platform dependent!
[INFO] skip non existing resourceDirectory /var/lib/jenkins/jobs/akkis/workspace/src/test/resources
[INFO] 
[INFO] --- maven-compiler-plugin:2.5.1:testCompile (default-testCompile) @ Akkis.muurahaiset ---
[INFO] Nothing to compile - all classes are up to date
[INFO] 
[INFO] --- maven-surefire-plugin:2.12.4:test (default-test) @ Akkis.muurahaiset ---
[INFO] Surefire report directory: /var/lib/jenkins/jobs/akkis/workspace/target/surefire-reports

-------------------------------------------------------
 T E S T S
-------------------------------------------------------
Running fi.agileo.akkis.test.Test2
Tests run: 1, Failures: 0, Errors: 0, Skipped: 1, Time elapsed: 0.049 sec
Running fi.agileo.akkis.test.service.ContactServiceTest
Tests run: 2, Failures: 0, Errors: 0, Skipped: 0, Time elapsed: 0.003 sec
Running fi.agileo.akkis.test.service.UserServiceTest
login
user count 0
login
user count 1
login
user count 2
login
user count 0
Tests run: 5, Failures: 0, Errors: 0, Skipped: 0, Time elapsed: 0.27 sec
Running fi.agileo.akkis.test.service.DealServiceTest
Tests run: 1, Failures: 0, Errors: 0, Skipped: 0, Time elapsed: 0.003 sec
Running fi.agileo.akkis.test.service.ContactCompanyServiceTest
Tests run: 1, Failures: 0, Errors: 0, Skipped: 0, Time elapsed: 0.003 sec
Running fi.agileo.akkis.test.jpa.ContactCompanyTest
HERE1
HERE2
HERE3
HERE4
HERE5
contact == contact2 begin
contact == contact2 before collections
contact == contact2, before user
contact == contact2 end
HERE6
HERE7
Tests run: 2, Failures: 0, Errors: 0, Skipped: 0, Time elapsed: 0.031 sec
Running fi.agileo.akkis.test.jpa.ContactTest
Tests run: 2, Failures: 0, Errors: 0, Skipped: 0, Time elapsed: 0.001 sec
Running fi.agileo.akkis.test.jpa.UserTest
Tests run: 2, Failures: 0, Errors: 0, Skipped: 0, Time elapsed: 0 sec
Running fi.agileo.akkis.test.jpa.DealTest
Tests run: 2, Failures: 0, Errors: 0, Skipped: 0, Time elapsed: 0.004 sec
Running fi.agileo.akkis.test.Test
Tests run: 2, Failures: 0, Errors: 0, Skipped: 2, Time elapsed: 0.004 sec
Running fi.agileo.akkis.test.managedbeans.TestLoginUser
Tests run: 1, Failures: 0, Errors: 0, Skipped: 0, Time elapsed: 0.001 sec

Results :

Tests run: 21, Failures: 0, Errors: 0, Skipped: 3

[JENKINS] Recording test results
[INFO] 
[INFO] --- maven-war-plugin:2.4:war (default-war) @ Akkis.muurahaiset ---
[INFO] Packaging webapp
[INFO] Assembling webapp [Akkis.muurahaiset] in [/var/lib/jenkins/jobs/akkis/workspace/target/Akkis.muurahaiset]
[INFO] Processing war project
[INFO] Copying webapp resources [/var/lib/jenkins/jobs/akkis/workspace/src/main/webapp]
[INFO] Webapp assembled in [558 msecs]
[INFO] Building war: /var/lib/jenkins/jobs/akkis/workspace/target/akkis.war

[INFO] 
[INFO] --- maven-install-plugin:2.4:install (default-install) @ Akkis.muurahaiset ---
[INFO] Installing /var/lib/jenkins/jobs/akkis/workspace/target/akkis.war to /var/lib/jenkins/.m2/repository/fi/agileo/akkis/Akkis.muurahaiset/0.0.1-SNAPSHOT/Akkis.muurahaiset-0.0.1-SNAPSHOT.war
[INFO] Installing /var/lib/jenkins/jobs/akkis/workspace/pom.xml to /var/lib/jenkins/.m2/repository/fi/agileo/akkis/Akkis.muurahaiset/0.0.1-SNAPSHOT/Akkis.muurahaiset-0.0.1-SNAPSHOT.pom

[INFO] ------------------------------------------------------------------------
[INFO] BUILD SUCCESS
[INFO] ------------------------------------------------------------------------
[INFO] Total time: 19.514 s
[INFO] Finished at: 2015-11-25T09:53:37+02:00
[INFO] Final Memory: 22M/160M
[INFO] ------------------------------------------------------------------------
[JENKINS] Archiving /var/lib/jenkins/jobs/akkis/workspace/pom.xml to fi.agileo.akkis/Akkis.muurahaiset/0.0.1-SNAPSHOT/Akkis.muurahaiset-0.0.1-SNAPSHOT.pom
[JENKINS] Archiving /var/lib/jenkins/jobs/akkis/workspace/target/akkis.war to fi.agileo.akkis/Akkis.muurahaiset/0.0.1-SNAPSHOT/Akkis.muurahaiset-0.0.1-SNAPSHOT.war
channel stopped
Finished: SUCCESS
